0 info it worked if it ends with ok
1 verbose cli [ '/usr/bin/nodejs',
1 verbose cli   '/usr/bin/npm',
1 verbose cli   'install',
1 verbose cli   '-g',
1 verbose cli   'git+https://github.com/ramitos/jsctags.git' ]
2 info using npm@3.5.2
3 info using node@v4.2.6
4 silly loadCurrentTree Starting
5 silly install loadCurrentTree
6 silly install readGlobalPackageData
7 silly fetchPackageMetaData git+https://github.com/ramitos/jsctags.git
8 silly fetchOtherPackageData git+https://github.com/ramitos/jsctags.git
9 silly cache add args [ 'git+https://github.com/ramitos/jsctags.git', null ]
10 verbose cache add spec git+https://github.com/ramitos/jsctags.git
11 silly cache add parsed spec Result {
11 silly cache add   raw: 'git+https://github.com/ramitos/jsctags.git',
11 silly cache add   scope: null,
11 silly cache add   name: null,
11 silly cache add   rawSpec: 'git+https://github.com/ramitos/jsctags.git',
11 silly cache add   spec: 'git+https://github.com/ramitos/jsctags.git',
11 silly cache add   type: 'hosted',
11 silly cache add   hosted:
11 silly cache add    { type: 'github',
11 silly cache add      ssh: 'git@github.com:ramitos/jsctags.git',
11 silly cache add      sshUrl: 'git+ssh://git@github.com/ramitos/jsctags.git',
11 silly cache add      httpsUrl: 'git+https://github.com/ramitos/jsctags.git',
11 silly cache add      gitUrl: 'git://github.com/ramitos/jsctags.git',
11 silly cache add      shortcut: 'github:ramitos/jsctags',
11 silly cache add      directUrl: 'https://raw.githubusercontent.com/ramitos/jsctags/master/package.json' } }
12 verbose addRemoteGit caching git+https://github.com/ramitos/jsctags.git
13 verbose addRemoteGit git+https://github.com/ramitos/jsctags.git is a repository hosted by github
14 silly tryClone cloning git+https://github.com/ramitos/jsctags.git via git+https://github.com/ramitos/jsctags.git
15 verbose tryClone git-https-github-com-ramitos-jsctags-git-afd95300 not in flight; caching
16 verbose makeDirectory /home/chronos/.npm/_git-remotes creation not in flight; initializing
17 silly makeDirectory /home/chronos/.npm/_git-remotes uid: 1000 gid: 1000
18 info git [ 'clone',
18 info git   '--template=/home/chronos/.npm/_git-remotes/_templates',
18 info git   '--mirror',
18 info git   'https://github.com/ramitos/jsctags.git',
18 info git   '/home/chronos/.npm/_git-remotes/git-https-github-com-ramitos-jsctags-git-afd95300' ]
19 verbose mirrorRemote git+https://github.com/ramitos/jsctags.git git clone https://github.com/ramitos/jsctags.git
20 verbose setPermissions git+https://github.com/ramitos/jsctags.git set permissions on /home/chronos/.npm/_git-remotes/git-https-github-com-ramitos-jsctags-git-afd95300
21 verbose resolveHead git+https://github.com/ramitos/jsctags.git original treeish: master
22 info git [ 'rev-list', '-n1', 'master' ]
23 silly resolveHead git+https://github.com/ramitos/jsctags.git resolved treeish: aa16b21dadeb40645aa66dec7002eb39c537ee77
24 verbose resolveHead git+https://github.com/ramitos/jsctags.git resolved Git URL: git+https://github.com/ramitos/jsctags.git#aa16b21dadeb40645aa66dec7002eb39c537ee77
25 silly resolveHead Git working directory: /tmp/npm-13357-e71610ed/git-cache-0e85b778/aa16b21dadeb40645aa66dec7002eb39c537ee77
26 info git [ 'clone',
26 info git   '/home/chronos/.npm/_git-remotes/git-https-github-com-ramitos-jsctags-git-afd95300',
26 info git   '/tmp/npm-13357-e71610ed/git-cache-0e85b778/aa16b21dadeb40645aa66dec7002eb39c537ee77' ]
27 verbose cloneResolved git+https://github.com/ramitos/jsctags.git clone Cloning into '/tmp/npm-13357-e71610ed/git-cache-0e85b778/aa16b21dadeb40645aa66dec7002eb39c537ee77'...
27 verbose cloneResolved done.
28 info git [ 'checkout', 'aa16b21dadeb40645aa66dec7002eb39c537ee77' ]
29 verbose checkoutTreeish git+https://github.com/ramitos/jsctags.git checkout Note: checking out 'aa16b21dadeb40645aa66dec7002eb39c537ee77'.
29 verbose checkoutTreeish
29 verbose checkoutTreeish You are in 'detached HEAD' state. You can look around, make experimental
29 verbose checkoutTreeish changes and commit them, and you can discard any commits you make in this
29 verbose checkoutTreeish state without impacting any branches by performing another checkout.
29 verbose checkoutTreeish
29 verbose checkoutTreeish If you want to create a new branch to retain commits you create, you may
29 verbose checkoutTreeish do so (now or later) by using -b with the checkout command again. Example:
29 verbose checkoutTreeish
29 verbose checkoutTreeish   git checkout -b <new-branch-name>
29 verbose checkoutTreeish
29 verbose checkoutTreeish HEAD is now at aa16b21... ignore regex rules
30 verbose addLocalDirectory /home/chronos/.npm/jsctags/5.1.1/package.tgz not in flight; packing
31 verbose tar pack [ '/home/chronos/.npm/jsctags/5.1.1/package.tgz',
31 verbose tar pack   '/tmp/npm-13357-e71610ed/git-cache-0e85b778/aa16b21dadeb40645aa66dec7002eb39c537ee77' ]
32 verbose tarball /home/chronos/.npm/jsctags/5.1.1/package.tgz
33 verbose folder /tmp/npm-13357-e71610ed/git-cache-0e85b778/aa16b21dadeb40645aa66dec7002eb39c537ee77
34 verbose addLocalTarball adding from inside cache /home/chronos/.npm/jsctags/5.1.1/package.tgz
35 verbose addRemoteGit data._from: git+https://github.com/ramitos/jsctags.git
36 verbose addRemoteGit data._resolved: git+https://github.com/ramitos/jsctags.git#aa16b21dadeb40645aa66dec7002eb39c537ee77
37 silly cache afterAdd jsctags@5.1.1
38 verbose afterAdd /home/chronos/.npm/jsctags/5.1.1/package/package.json not in flight; writing
39 verbose afterAdd /home/chronos/.npm/jsctags/5.1.1/package/package.json written
40 silly install normalizeTree
41 silly loadCurrentTree Finishing
42 silly loadIdealTree Starting
43 silly install loadIdealTree
44 silly cloneCurrentTree Starting
45 silly install cloneCurrentTreeToIdealTree
46 silly cloneCurrentTree Finishing
47 silly loadShrinkwrap Starting
48 silly install loadShrinkwrap
49 silly loadShrinkwrap Finishing
50 silly loadAllDepsIntoIdealTree Starting
51 silly install loadAllDepsIntoIdealTree
52 silly resolveWithNewModule jsctags@5.1.1 checking installable status
53 silly fetchNamedPackageData acorn
54 silly mapToRegistry name acorn
55 silly mapToRegistry using default registry
56 silly mapToRegistry registry https://registry.npmjs.org/
57 silly mapToRegistry uri https://registry.npmjs.org/acorn
58 silly fetchNamedPackageData acorn-jsx
59 silly mapToRegistry name acorn-jsx
60 silly mapToRegistry using default registry
61 silly mapToRegistry registry https://registry.npmjs.org/
62 silly mapToRegistry uri https://registry.npmjs.org/acorn-jsx
63 silly fetchNamedPackageData async
64 silly mapToRegistry name async
65 silly mapToRegistry using default registry
66 silly mapToRegistry registry https://registry.npmjs.org/
67 silly mapToRegistry uri https://registry.npmjs.org/async
68 silly fetchNamedPackageData collect-stream
69 silly mapToRegistry name collect-stream
70 silly mapToRegistry using default registry
71 silly mapToRegistry registry https://registry.npmjs.org/
72 silly mapToRegistry uri https://registry.npmjs.org/collect-stream
73 silly fetchNamedPackageData deepmerge
74 silly mapToRegistry name deepmerge
75 silly mapToRegistry using default registry
76 silly mapToRegistry registry https://registry.npmjs.org/
77 silly mapToRegistry uri https://registry.npmjs.org/deepmerge
78 silly fetchNamedPackageData force-array
79 silly mapToRegistry name force-array
80 silly mapToRegistry using default registry
81 silly mapToRegistry registry https://registry.npmjs.org/
82 silly mapToRegistry uri https://registry.npmjs.org/force-array
83 silly fetchNamedPackageData glob
84 silly mapToRegistry name glob
85 silly mapToRegistry using default registry
86 silly mapToRegistry registry https://registry.npmjs.org/
87 silly mapToRegistry uri https://registry.npmjs.org/glob
88 silly fetchNamedPackageData lodash.clonedeep
89 silly mapToRegistry name lodash.clonedeep
90 silly mapToRegistry using default registry
91 silly mapToRegistry registry https://registry.npmjs.org/
92 silly mapToRegistry uri https://registry.npmjs.org/lodash.clonedeep
93 silly fetchNamedPackageData lodash.defaults
94 silly mapToRegistry name lodash.defaults
95 silly mapToRegistry using default registry
96 silly mapToRegistry registry https://registry.npmjs.org/
97 silly mapToRegistry uri https://registry.npmjs.org/lodash.defaults
98 silly fetchNamedPackageData lodash.flatten
99 silly mapToRegistry name lodash.flatten
100 silly mapToRegistry using default registry
101 silly mapToRegistry registry https://registry.npmjs.org/
102 silly mapToRegistry uri https://registry.npmjs.org/lodash.flatten
103 silly fetchNamedPackageData lodash.get
104 silly mapToRegistry name lodash.get
105 silly mapToRegistry using default registry
106 silly mapToRegistry registry https://registry.npmjs.org/
107 silly mapToRegistry uri https://registry.npmjs.org/lodash.get
108 silly fetchNamedPackageData lodash.includes
109 silly mapToRegistry name lodash.includes
110 silly mapToRegistry using default registry
111 silly mapToRegistry registry https://registry.npmjs.org/
112 silly mapToRegistry uri https://registry.npmjs.org/lodash.includes
113 silly fetchNamedPackageData lodash.isarray
114 silly mapToRegistry name lodash.isarray
115 silly mapToRegistry using default registry
116 silly mapToRegistry registry https://registry.npmjs.org/
117 silly mapToRegistry uri https://registry.npmjs.org/lodash.isarray
118 silly fetchNamedPackageData lodash.isfunction
119 silly mapToRegistry name lodash.isfunction
120 silly mapToRegistry using default registry
121 silly mapToRegistry registry https://registry.npmjs.org/
122 silly mapToRegistry uri https://registry.npmjs.org/lodash.isfunction
123 silly fetchNamedPackageData lodash.isplainobject
124 silly mapToRegistry name lodash.isplainobject
125 silly mapToRegistry using default registry
126 silly mapToRegistry registry https://registry.npmjs.org/
127 silly mapToRegistry uri https://registry.npmjs.org/lodash.isplainobject
128 silly fetchNamedPackageData lodash.isstring
129 silly mapToRegistry name lodash.isstring
130 silly mapToRegistry using default registry
131 silly mapToRegistry registry https://registry.npmjs.org/
132 silly mapToRegistry uri https://registry.npmjs.org/lodash.isstring
133 silly fetchNamedPackageData lodash.isundefined
134 silly mapToRegistry name lodash.isundefined
135 silly mapToRegistry using default registry
136 silly mapToRegistry registry https://registry.npmjs.org/
137 silly mapToRegistry uri https://registry.npmjs.org/lodash.isundefined
138 silly fetchNamedPackageData lodash.sortby
139 silly mapToRegistry name lodash.sortby
140 silly mapToRegistry using default registry
141 silly mapToRegistry registry https://registry.npmjs.org/
142 silly mapToRegistry uri https://registry.npmjs.org/lodash.sortby
143 silly fetchNamedPackageData lodash.without
144 silly mapToRegistry name lodash.without
145 silly mapToRegistry using default registry
146 silly mapToRegistry registry https://registry.npmjs.org/
147 silly mapToRegistry uri https://registry.npmjs.org/lodash.without
148 silly fetchNamedPackageData node-uuid
149 silly mapToRegistry name node-uuid
150 silly mapToRegistry using default registry
151 silly mapToRegistry registry https://registry.npmjs.org/
152 silly mapToRegistry uri https://registry.npmjs.org/node-uuid
153 silly fetchNamedPackageData object-hash
154 silly mapToRegistry name object-hash
155 silly mapToRegistry using default registry
156 silly mapToRegistry registry https://registry.npmjs.org/
157 silly mapToRegistry uri https://registry.npmjs.org/object-hash
158 silly fetchNamedPackageData once
159 silly mapToRegistry name once
160 silly mapToRegistry using default registry
161 silly mapToRegistry registry https://registry.npmjs.org/
162 silly mapToRegistry uri https://registry.npmjs.org/once
163 silly fetchNamedPackageData optimist
164 silly mapToRegistry name optimist
165 silly mapToRegistry using default registry
166 silly mapToRegistry registry https://registry.npmjs.org/
167 silly mapToRegistry uri https://registry.npmjs.org/optimist
168 silly fetchNamedPackageData tern
169 silly mapToRegistry name tern
170 silly mapToRegistry using default registry
171 silly mapToRegistry registry https://registry.npmjs.org/
172 silly mapToRegistry uri https://registry.npmjs.org/tern
173 silly fetchNamedPackageData tryor
174 silly mapToRegistry name tryor
175 silly mapToRegistry using default registry
176 silly mapToRegistry registry https://registry.npmjs.org/
177 silly mapToRegistry uri https://registry.npmjs.org/tryor
178 silly fetchOtherPackageData tern-jsx@github:ramitos/tern-jsx#816834e
179 silly cache add args [ 'tern-jsx@github:ramitos/tern-jsx#816834e', null ]
180 verbose cache add spec tern-jsx@github:ramitos/tern-jsx#816834e
181 verbose request uri https://registry.npmjs.org/collect-stream
182 verbose request no auth needed
183 info attempt registry request try #1 at 03:28:45
184 verbose request id 9bcb3fd2f43b96e7
185 http request GET https://registry.npmjs.org/collect-stream
186 verbose request uri https://registry.npmjs.org/deepmerge
187 verbose request no auth needed
188 info attempt registry request try #1 at 03:28:45
189 http request GET https://registry.npmjs.org/deepmerge
190 verbose request uri https://registry.npmjs.org/force-array
191 verbose request no auth needed
192 info attempt registry request try #1 at 03:28:45
193 http request GET https://registry.npmjs.org/force-array
194 verbose request uri https://registry.npmjs.org/lodash.clonedeep
195 verbose request no auth needed
196 info attempt registry request try #1 at 03:28:45
197 http request GET https://registry.npmjs.org/lodash.clonedeep
198 verbose request uri https://registry.npmjs.org/lodash.defaults
199 verbose request no auth needed
200 info attempt registry request try #1 at 03:28:45
201 http request GET https://registry.npmjs.org/lodash.defaults
202 verbose request uri https://registry.npmjs.org/lodash.flatten
203 verbose request no auth needed
204 info attempt registry request try #1 at 03:28:45
205 http request GET https://registry.npmjs.org/lodash.flatten
206 verbose request uri https://registry.npmjs.org/lodash.get
207 verbose request no auth needed
208 info attempt registry request try #1 at 03:28:45
209 http request GET https://registry.npmjs.org/lodash.get
210 verbose request uri https://registry.npmjs.org/lodash.includes
211 verbose request no auth needed
212 info attempt registry request try #1 at 03:28:45
213 http request GET https://registry.npmjs.org/lodash.includes
214 verbose request uri https://registry.npmjs.org/lodash.isarray
215 verbose request no auth needed
216 info attempt registry request try #1 at 03:28:45
217 http request GET https://registry.npmjs.org/lodash.isarray
218 verbose request uri https://registry.npmjs.org/lodash.isfunction
219 verbose request no auth needed
220 info attempt registry request try #1 at 03:28:45
221 http request GET https://registry.npmjs.org/lodash.isfunction
222 verbose request uri https://registry.npmjs.org/lodash.isplainobject
223 verbose request no auth needed
224 info attempt registry request try #1 at 03:28:45
225 http request GET https://registry.npmjs.org/lodash.isplainobject
226 verbose request uri https://registry.npmjs.org/lodash.isstring
227 verbose request no auth needed
228 info attempt registry request try #1 at 03:28:45
229 http request GET https://registry.npmjs.org/lodash.isstring
230 verbose request uri https://registry.npmjs.org/lodash.isundefined
231 verbose request no auth needed
232 info attempt registry request try #1 at 03:28:45
233 http request GET https://registry.npmjs.org/lodash.isundefined
234 verbose request uri https://registry.npmjs.org/lodash.sortby
235 verbose request no auth needed
236 info attempt registry request try #1 at 03:28:45
237 http request GET https://registry.npmjs.org/lodash.sortby
238 verbose request uri https://registry.npmjs.org/lodash.without
239 verbose request no auth needed
240 info attempt registry request try #1 at 03:28:45
241 http request GET https://registry.npmjs.org/lodash.without
242 verbose request uri https://registry.npmjs.org/node-uuid
243 verbose request no auth needed
244 info attempt registry request try #1 at 03:28:45
245 http request GET https://registry.npmjs.org/node-uuid
246 verbose request uri https://registry.npmjs.org/object-hash
247 verbose request no auth needed
248 info attempt registry request try #1 at 03:28:45
249 http request GET https://registry.npmjs.org/object-hash
250 verbose request uri https://registry.npmjs.org/optimist
251 verbose request no auth needed
252 info attempt registry request try #1 at 03:28:45
253 http request GET https://registry.npmjs.org/optimist
254 verbose request uri https://registry.npmjs.org/tryor
255 verbose request no auth needed
256 info attempt registry request try #1 at 03:28:45
257 http request GET https://registry.npmjs.org/tryor
258 silly cache add parsed spec Result {
258 silly cache add   raw: 'tern-jsx@github:ramitos/tern-jsx#816834e',
258 silly cache add   scope: null,
258 silly cache add   name: 'tern-jsx',
258 silly cache add   rawSpec: 'github:ramitos/tern-jsx#816834e',
258 silly cache add   spec: 'github:ramitos/tern-jsx#816834e',
258 silly cache add   type: 'hosted',
258 silly cache add   hosted:
258 silly cache add    { type: 'github',
258 silly cache add      ssh: 'git@github.com:ramitos/tern-jsx.git#816834e',
258 silly cache add      sshUrl: 'git+ssh://git@github.com/ramitos/tern-jsx.git#816834e',
258 silly cache add      httpsUrl: 'git+https://github.com/ramitos/tern-jsx.git#816834e',
258 silly cache add      gitUrl: 'git://github.com/ramitos/tern-jsx.git#816834e',
258 silly cache add      shortcut: 'github:ramitos/tern-jsx#816834e',
258 silly cache add      directUrl: 'https://raw.githubusercontent.com/ramitos/tern-jsx/816834e/package.json' } }
259 verbose addRemoteGit caching github:ramitos/tern-jsx#816834e
260 verbose addRemoteGit ramitos/tern-jsx#816834e is a repository hosted by github
261 silly tryGitProto attempting to clone git://github.com/ramitos/tern-jsx.git#816834e
262 silly tryClone cloning ramitos/tern-jsx#816834e via git://github.com/ramitos/tern-jsx.git#816834e
263 verbose tryClone git-github-com-ramitos-tern-jsx-git-816834e-9affe1b7 not in flight; caching
264 info retry will retry, error on last attempt: Error: tunneling socket could not be established, cause=connect EINVAL 0.0.31.144:80 - Local (0.0.0.0:0)
265 info retry will retry, error on last attempt: Error: tunneling socket could not be established, cause=connect EINVAL 0.0.31.144:80 - Local (0.0.0.0:0)
266 info retry will retry, error on last attempt: Error: tunneling socket could not be established, cause=connect EINVAL 0.0.31.144:80 - Local (0.0.0.0:0)
267 info retry will retry, error on last attempt: Error: tunneling socket could not be established, cause=connect EINVAL 0.0.31.144:80 - Local (0.0.0.0:0)
268 info retry will retry, error on last attempt: Error: tunneling socket could not be established, cause=connect EINVAL 0.0.31.144:80 - Local (0.0.0.0:0)
269 info retry will retry, error on last attempt: Error: tunneling socket could not be established, cause=connect EINVAL 0.0.31.144:80 - Local (0.0.0.0:0)
270 info retry will retry, error on last attempt: Error: tunneling socket could not be established, cause=connect EINVAL 0.0.31.144:80 - Local (0.0.0.0:0)
271 info retry will retry, error on last attempt: Error: tunneling socket could not be established, cause=connect EINVAL 0.0.31.144:80 - Local (0.0.0.0:0)
272 info retry will retry, error on last attempt: Error: tunneling socket could not be established, cause=connect EINVAL 0.0.31.144:80 - Local (0.0.0.0:0)
273 info retry will retry, error on last attempt: Error: tunneling socket could not be established, cause=connect EINVAL 0.0.31.144:80 - Local (0.0.0.0:0)
274 info retry will retry, error on last attempt: Error: tunneling socket could not be established, cause=connect EINVAL 0.0.31.144:80 - Local (0.0.0.0:0)
275 info retry will retry, error on last attempt: Error: tunneling socket could not be established, cause=connect EINVAL 0.0.31.144:80 - Local (0.0.0.0:0)
276 info retry will retry, error on last attempt: Error: tunneling socket could not be established, cause=connect EINVAL 0.0.31.144:80 - Local (0.0.0.0:0)
277 info retry will retry, error on last attempt: Error: tunneling socket could not be established, cause=connect EINVAL 0.0.31.144:80 - Local (0.0.0.0:0)
278 info retry will retry, error on last attempt: Error: tunneling socket could not be established, cause=connect EINVAL 0.0.31.144:80 - Local (0.0.0.0:0)
279 info retry will retry, error on last attempt: Error: tunneling socket could not be established, cause=connect EINVAL 0.0.31.144:80 - Local (0.0.0.0:0)
280 info retry will retry, error on last attempt: Error: tunneling socket could not be established, cause=connect EINVAL 0.0.31.144:80 - Local (0.0.0.0:0)
281 info retry will retry, error on last attempt: Error: tunneling socket could not be established, cause=connect EINVAL 0.0.31.144:80 - Local (0.0.0.0:0)
282 info retry will retry, error on last attempt: Error: tunneling socket could not be established, cause=connect EINVAL 0.0.31.144:80 - Local (0.0.0.0:0)
283 verbose request uri https://registry.npmjs.org/acorn-jsx
284 verbose request no auth needed
285 info attempt registry request try #1 at 03:28:45
286 verbose etag W/"572780b7-9db2"
287 verbose lastModified Mon, 02 May 2016 16:30:47 GMT
288 http request GET https://registry.npmjs.org/acorn-jsx
289 verbose request uri https://registry.npmjs.org/glob
290 verbose request no auth needed
291 info attempt registry request try #1 at 03:28:45
292 verbose etag W/"58fdc7af-1f73d"
293 verbose lastModified Mon, 24 Apr 2017 09:38:55 GMT
294 http request GET https://registry.npmjs.org/glob
295 verbose request uri https://registry.npmjs.org/tern
296 verbose request no auth needed
297 info attempt registry request try #1 at 03:28:45
298 verbose etag W/"58abbdc1-ccfe"
299 verbose lastModified Tue, 21 Feb 2017 04:10:41 GMT
300 http request GET https://registry.npmjs.org/tern
301 info retry will retry, error on last attempt: Error: tunneling socket could not be established, cause=connect EINVAL 0.0.31.144:80 - Local (0.0.0.0:0)
302 verbose request uri https://registry.npmjs.org/acorn
303 verbose request no auth needed
304 info attempt registry request try #1 at 03:28:45
305 verbose etag W/"58f471ff-22ede"
306 verbose lastModified Mon, 17 Apr 2017 07:42:55 GMT
307 http request GET https://registry.npmjs.org/acorn
308 verbose request uri https://registry.npmjs.org/once
309 verbose request no auth needed
310 info attempt registry request try #1 at 03:28:45
311 verbose etag W/"58bbe9a9-25e7"
312 verbose lastModified Sun, 05 Mar 2017 10:34:17 GMT
313 http request GET https://registry.npmjs.org/once
314 verbose request uri https://registry.npmjs.org/async
315 verbose request no auth needed
316 info attempt registry request try #1 at 03:28:45
317 verbose etag W/"5905436c-2039e"
318 verbose lastModified Sun, 30 Apr 2017 01:52:44 GMT
319 http request GET https://registry.npmjs.org/async
320 info retry will retry, error on last attempt: Error: tunneling socket could not be established, cause=connect EINVAL 0.0.31.144:80 - Local (0.0.0.0:0)
321 info retry will retry, error on last attempt: Error: tunneling socket could not be established, cause=connect EINVAL 0.0.31.144:80 - Local (0.0.0.0:0)
322 info retry will retry, error on last attempt: Error: tunneling socket could not be established, cause=connect EINVAL 0.0.31.144:80 - Local (0.0.0.0:0)
323 info retry will retry, error on last attempt: Error: tunneling socket could not be established, cause=connect EINVAL 0.0.31.144:80 - Local (0.0.0.0:0)
324 info retry will retry, error on last attempt: Error: tunneling socket could not be established, cause=connect EINVAL 0.0.31.144:80 - Local (0.0.0.0:0)
325 info git [ 'clone',
325 info git   '--template=/home/chronos/.npm/_git-remotes/_templates',
325 info git   '--mirror',
325 info git   'git://github.com/ramitos/tern-jsx.git',
325 info git   '/home/chronos/.npm/_git-remotes/git-github-com-ramitos-tern-jsx-git-816834e-9affe1b7' ]
326 verbose mirrorRemote ramitos/tern-jsx#816834e git clone git://github.com/ramitos/tern-jsx.git
327 verbose setPermissions ramitos/tern-jsx#816834e set permissions on /home/chronos/.npm/_git-remotes/git-github-com-ramitos-tern-jsx-git-816834e-9affe1b7
328 verbose resolveHead ramitos/tern-jsx#816834e original treeish: 816834e
329 info git [ 'rev-list', '-n1', '816834e' ]
330 silly resolveHead ramitos/tern-jsx#816834e resolved treeish: 816834e0b7054799e86676b0da5563d04bb0d85a
331 verbose resolveHead ramitos/tern-jsx#816834e resolved Git URL: git://github.com/ramitos/tern-jsx.git#816834e0b7054799e86676b0da5563d04bb0d85a
332 silly resolveHead Git working directory: /tmp/npm-13357-e71610ed/git-cache-72ea213d/816834e0b7054799e86676b0da5563d04bb0d85a
333 info git [ 'clone',
333 info git   '/home/chronos/.npm/_git-remotes/git-github-com-ramitos-tern-jsx-git-816834e-9affe1b7',
333 info git   '/tmp/npm-13357-e71610ed/git-cache-72ea213d/816834e0b7054799e86676b0da5563d04bb0d85a' ]
334 verbose cloneResolved ramitos/tern-jsx#816834e clone Cloning into '/tmp/npm-13357-e71610ed/git-cache-72ea213d/816834e0b7054799e86676b0da5563d04bb0d85a'...
334 verbose cloneResolved done.
335 info git [ 'checkout', '816834e0b7054799e86676b0da5563d04bb0d85a' ]
336 verbose checkoutTreeish ramitos/tern-jsx#816834e checkout Note: checking out '816834e0b7054799e86676b0da5563d04bb0d85a'.
336 verbose checkoutTreeish
336 verbose checkoutTreeish You are in 'detached HEAD' state. You can look around, make experimental
336 verbose checkoutTreeish changes and commit them, and you can discard any commits you make in this
336 verbose checkoutTreeish state without impacting any branches by performing another checkout.
336 verbose checkoutTreeish
336 verbose checkoutTreeish If you want to create a new branch to retain commits you create, you may
336 verbose checkoutTreeish do so (now or later) by using -b with the checkout command again. Example:
336 verbose checkoutTreeish
336 verbose checkoutTreeish   git checkout -b <new-branch-name>
336 verbose checkoutTreeish
336 verbose checkoutTreeish HEAD is now at 816834e... remove preParse hook
337 verbose addLocalDirectory /home/chronos/.npm/tern-jsx/1.0.0/package.tgz not in flight; packing
338 verbose tar pack [ '/home/chronos/.npm/tern-jsx/1.0.0/package.tgz',
338 verbose tar pack   '/tmp/npm-13357-e71610ed/git-cache-72ea213d/816834e0b7054799e86676b0da5563d04bb0d85a' ]
339 verbose tarball /home/chronos/.npm/tern-jsx/1.0.0/package.tgz
340 verbose folder /tmp/npm-13357-e71610ed/git-cache-72ea213d/816834e0b7054799e86676b0da5563d04bb0d85a
341 verbose addLocalTarball adding from inside cache /home/chronos/.npm/tern-jsx/1.0.0/package.tgz
342 verbose addRemoteGit data._from: ramitos/tern-jsx#816834e
343 verbose addRemoteGit data._resolved: git://github.com/ramitos/tern-jsx.git#816834e0b7054799e86676b0da5563d04bb0d85a
344 silly cache afterAdd tern-jsx@1.0.0
345 verbose afterAdd /home/chronos/.npm/tern-jsx/1.0.0/package/package.json not in flight; writing
346 verbose afterAdd /home/chronos/.npm/tern-jsx/1.0.0/package/package.json written
347 silly resolveWithNewModule tern-jsx@1.0.0 checking installable status
348 info attempt registry request try #2 at 03:28:55
349 http request GET https://registry.npmjs.org/collect-stream
350 info attempt registry request try #2 at 03:28:55
351 http request GET https://registry.npmjs.org/deepmerge
352 info attempt registry request try #2 at 03:28:55
353 http request GET https://registry.npmjs.org/force-array
354 info attempt registry request try #2 at 03:28:55
355 http request GET https://registry.npmjs.org/lodash.clonedeep
356 info attempt registry request try #2 at 03:28:55
357 http request GET https://registry.npmjs.org/lodash.defaults
358 info attempt registry request try #2 at 03:28:55
359 http request GET https://registry.npmjs.org/lodash.flatten
360 info attempt registry request try #2 at 03:28:55
361 http request GET https://registry.npmjs.org/lodash.get
362 info attempt registry request try #2 at 03:28:55
363 http request GET https://registry.npmjs.org/lodash.includes
364 info attempt registry request try #2 at 03:28:55
365 http request GET https://registry.npmjs.org/lodash.isarray
366 info attempt registry request try #2 at 03:28:55
367 http request GET https://registry.npmjs.org/lodash.isfunction
368 info attempt registry request try #2 at 03:28:55
369 http request GET https://registry.npmjs.org/lodash.isplainobject
370 info attempt registry request try #2 at 03:28:55
371 http request GET https://registry.npmjs.org/lodash.isstring
372 info attempt registry request try #2 at 03:28:55
373 http request GET https://registry.npmjs.org/lodash.isundefined
374 info attempt registry request try #2 at 03:28:55
375 http request GET https://registry.npmjs.org/lodash.sortby
376 info retry will retry, error on last attempt: Error: tunneling socket could not be established, cause=connect EINVAL 0.0.31.144:80 - Local (0.0.0.0:0)
377 info attempt registry request try #2 at 03:28:55
378 http request GET https://registry.npmjs.org/lodash.without
379 info attempt registry request try #2 at 03:28:55
380 http request GET https://registry.npmjs.org/node-uuid
381 info attempt registry request try #2 at 03:28:55
382 http request GET https://registry.npmjs.org/object-hash
383 info attempt registry request try #2 at 03:28:55
384 http request GET https://registry.npmjs.org/optimist
385 info attempt registry request try #2 at 03:28:55
386 http request GET https://registry.npmjs.org/tryor
387 info retry will retry, error on last attempt: Error: tunneling socket could not be established, cause=connect EINVAL 0.0.31.144:80 - Local (0.0.0.0:0)
388 info retry will retry, error on last attempt: Error: tunneling socket could not be established, cause=connect EINVAL 0.0.31.144:80 - Local (0.0.0.0:0)
389 info retry will retry, error on last attempt: Error: tunneling socket could not be established, cause=connect EINVAL 0.0.31.144:80 - Local (0.0.0.0:0)
390 info retry will retry, error on last attempt: Error: tunneling socket could not be established, cause=connect EINVAL 0.0.31.144:80 - Local (0.0.0.0:0)
391 info retry will retry, error on last attempt: Error: tunneling socket could not be established, cause=connect EINVAL 0.0.31.144:80 - Local (0.0.0.0:0)
392 info retry will retry, error on last attempt: Error: tunneling socket could not be established, cause=connect EINVAL 0.0.31.144:80 - Local (0.0.0.0:0)
393 info retry will retry, error on last attempt: Error: tunneling socket could not be established, cause=connect EINVAL 0.0.31.144:80 - Local (0.0.0.0:0)
394 info retry will retry, error on last attempt: Error: tunneling socket could not be established, cause=connect EINVAL 0.0.31.144:80 - Local (0.0.0.0:0)
395 info retry will retry, error on last attempt: Error: tunneling socket could not be established, cause=connect EINVAL 0.0.31.144:80 - Local (0.0.0.0:0)
396 info retry will retry, error on last attempt: Error: tunneling socket could not be established, cause=connect EINVAL 0.0.31.144:80 - Local (0.0.0.0:0)
397 info retry will retry, error on last attempt: Error: tunneling socket could not be established, cause=connect EINVAL 0.0.31.144:80 - Local (0.0.0.0:0)
398 info retry will retry, error on last attempt: Error: tunneling socket could not be established, cause=connect EINVAL 0.0.31.144:80 - Local (0.0.0.0:0)
399 info retry will retry, error on last attempt: Error: tunneling socket could not be established, cause=connect EINVAL 0.0.31.144:80 - Local (0.0.0.0:0)
400 info retry will retry, error on last attempt: Error: tunneling socket could not be established, cause=connect EINVAL 0.0.31.144:80 - Local (0.0.0.0:0)
401 info retry will retry, error on last attempt: Error: tunneling socket could not be established, cause=connect EINVAL 0.0.31.144:80 - Local (0.0.0.0:0)
402 info retry will retry, error on last attempt: Error: tunneling socket could not be established, cause=connect EINVAL 0.0.31.144:80 - Local (0.0.0.0:0)
403 info retry will retry, error on last attempt: Error: tunneling socket could not be established, cause=connect EINVAL 0.0.31.144:80 - Local (0.0.0.0:0)
404 info retry will retry, error on last attempt: Error: tunneling socket could not be established, cause=connect EINVAL 0.0.31.144:80 - Local (0.0.0.0:0)
405 info attempt registry request try #2 at 03:28:55
406 verbose etag W/"572780b7-9db2"
407 verbose lastModified Mon, 02 May 2016 16:30:47 GMT
408 http request GET https://registry.npmjs.org/acorn-jsx
409 info retry will retry, error on last attempt: Error: tunneling socket could not be established, cause=connect EINVAL 0.0.31.144:80 - Local (0.0.0.0:0)
410 info attempt registry request try #2 at 03:28:55
411 verbose etag W/"58fdc7af-1f73d"
412 verbose lastModified Mon, 24 Apr 2017 09:38:55 GMT
413 http request GET https://registry.npmjs.org/glob
414 info retry will retry, error on last attempt: Error: tunneling socket could not be established, cause=connect EINVAL 0.0.31.144:80 - Local (0.0.0.0:0)
415 info attempt registry request try #2 at 03:28:55
416 verbose etag W/"58abbdc1-ccfe"
417 verbose lastModified Tue, 21 Feb 2017 04:10:41 GMT
418 http request GET https://registry.npmjs.org/tern
419 info attempt registry request try #2 at 03:28:55
420 verbose etag W/"58f471ff-22ede"
421 verbose lastModified Mon, 17 Apr 2017 07:42:55 GMT
422 http request GET https://registry.npmjs.org/acorn
423 info retry will retry, error on last attempt: Error: tunneling socket could not be established, cause=connect EINVAL 0.0.31.144:80 - Local (0.0.0.0:0)
424 info attempt registry request try #2 at 03:28:55
425 verbose etag W/"58bbe9a9-25e7"
426 verbose lastModified Sun, 05 Mar 2017 10:34:17 GMT
427 http request GET https://registry.npmjs.org/once
428 info attempt registry request try #2 at 03:28:55
429 verbose etag W/"5905436c-2039e"
430 verbose lastModified Sun, 30 Apr 2017 01:52:44 GMT
431 http request GET https://registry.npmjs.org/async
432 info retry will retry, error on last attempt: Error: tunneling socket could not be established, cause=connect EINVAL 0.0.31.144:80 - Local (0.0.0.0:0)
433 info retry will retry, error on last attempt: Error: tunneling socket could not be established, cause=connect EINVAL 0.0.31.144:80 - Local (0.0.0.0:0)
434 info retry will retry, error on last attempt: Error: tunneling socket could not be established, cause=connect EINVAL 0.0.31.144:80 - Local (0.0.0.0:0)
435 info attempt registry request try #3 at 03:29:55
436 http request GET https://registry.npmjs.org/collect-stream
437 silly fetchPackageMetaData Error: tunneling socket could not be established, cause=connect EINVAL 0.0.31.144:80 - Local (0.0.0.0:0)
437 silly fetchPackageMetaData     at ClientRequest.onError (/usr/share/npm/node_modules/request/node_modules/tunnel-agent/index.js:174:17)
437 silly fetchPackageMetaData     at ClientRequest.g (events.js:260:16)
437 silly fetchPackageMetaData     at emitOne (events.js:77:13)
437 silly fetchPackageMetaData     at ClientRequest.emit (events.js:169:7)
437 silly fetchPackageMetaData     at Socket.socketErrorListener (_http_client.js:258:9)
437 silly fetchPackageMetaData     at emitOne (events.js:77:13)
437 silly fetchPackageMetaData     at Socket.emit (events.js:169:7)
437 silly fetchPackageMetaData     at emitErrorNT (net.js:1256:8)
437 silly fetchPackageMetaData     at nextTickCallbackWith2Args (node.js:441:9)
437 silly fetchPackageMetaData     at process._tickCallback (node.js:355:17)
437 silly fetchPackageMetaData  error for collect-stream@^1.2.1 { [Error: tunneling socket could not be established, cause=connect EINVAL 0.0.31.144:80 - Local (0.0.0.0:0)] code: 'ECONNRESET' }
438 info attempt registry request try #3 at 03:29:55
439 http request GET https://registry.npmjs.org/deepmerge
440 info attempt registry request try #3 at 03:29:55
441 http request GET https://registry.npmjs.org/force-array
442 info attempt registry request try #3 at 03:29:55
443 http request GET https://registry.npmjs.org/lodash.clonedeep
444 info attempt registry request try #3 at 03:29:55
445 http request GET https://registry.npmjs.org/lodash.defaults
446 info attempt registry request try #3 at 03:29:55
447 http request GET https://registry.npmjs.org/lodash.flatten
448 info attempt registry request try #3 at 03:29:55
449 http request GET https://registry.npmjs.org/lodash.get
450 info attempt registry request try #3 at 03:29:55
451 http request GET https://registry.npmjs.org/lodash.includes
452 info attempt registry request try #3 at 03:29:55
453 http request GET https://registry.npmjs.org/lodash.isarray
454 info attempt registry request try #3 at 03:29:55
455 http request GET https://registry.npmjs.org/lodash.isfunction
456 info attempt registry request try #3 at 03:29:55
457 http request GET https://registry.npmjs.org/lodash.isplainobject
458 info attempt registry request try #3 at 03:29:55
459 http request GET https://registry.npmjs.org/lodash.isstring
460 info attempt registry request try #3 at 03:29:55
461 http request GET https://registry.npmjs.org/lodash.isundefined
462 info attempt registry request try #3 at 03:29:55
463 http request GET https://registry.npmjs.org/lodash.sortby
464 info attempt registry request try #3 at 03:29:55
465 http request GET https://registry.npmjs.org/lodash.without
466 info attempt registry request try #3 at 03:29:55
467 http request GET https://registry.npmjs.org/node-uuid
468 info attempt registry request try #3 at 03:29:55
469 http request GET https://registry.npmjs.org/object-hash
470 info attempt registry request try #3 at 03:29:55
471 http request GET https://registry.npmjs.org/optimist
472 info attempt registry request try #3 at 03:29:55
473 http request GET https://registry.npmjs.org/tryor
474 info attempt registry request try #3 at 03:29:55
475 verbose etag W/"572780b7-9db2"
476 verbose lastModified Mon, 02 May 2016 16:30:47 GMT
477 http request GET https://registry.npmjs.org/acorn-jsx
478 silly fetchPackageMetaData Error: tunneling socket could not be established, cause=connect EINVAL 0.0.31.144:80 - Local (0.0.0.0:0)
478 silly fetchPackageMetaData     at ClientRequest.onError (/usr/share/npm/node_modules/request/node_modules/tunnel-agent/index.js:174:17)
478 silly fetchPackageMetaData     at ClientRequest.g (events.js:260:16)
478 silly fetchPackageMetaData     at emitOne (events.js:77:13)
478 silly fetchPackageMetaData     at ClientRequest.emit (events.js:169:7)
478 silly fetchPackageMetaData     at Socket.socketErrorListener (_http_client.js:258:9)
478 silly fetchPackageMetaData     at emitOne (events.js:77:13)
478 silly fetchPackageMetaData     at Socket.emit (events.js:169:7)
478 silly fetchPackageMetaData     at emitErrorNT (net.js:1256:8)
478 silly fetchPackageMetaData     at nextTickCallbackWith2Args (node.js:441:9)
478 silly fetchPackageMetaData     at process._tickCallback (node.js:355:17)
478 silly fetchPackageMetaData  error for deepmerge@^1.3.1 { [Error: tunneling socket could not be established, cause=connect EINVAL 0.0.31.144:80 - Local (0.0.0.0:0)] code: 'ECONNRESET' }
479 silly fetchPackageMetaData Error: tunneling socket could not be established, cause=connect EINVAL 0.0.31.144:80 - Local (0.0.0.0:0)
479 silly fetchPackageMetaData     at ClientRequest.onError (/usr/share/npm/node_modules/request/node_modules/tunnel-agent/index.js:174:17)
479 silly fetchPackageMetaData     at ClientRequest.g (events.js:260:16)
479 silly fetchPackageMetaData     at emitOne (events.js:77:13)
479 silly fetchPackageMetaData     at ClientRequest.emit (events.js:169:7)
479 silly fetchPackageMetaData     at Socket.socketErrorListener (_http_client.js:258:9)
479 silly fetchPackageMetaData     at emitOne (events.js:77:13)
479 silly fetchPackageMetaData     at Socket.emit (events.js:169:7)
479 silly fetchPackageMetaData     at emitErrorNT (net.js:1256:8)
479 silly fetchPackageMetaData     at nextTickCallbackWith2Args (node.js:441:9)
479 silly fetchPackageMetaData     at process._tickCallback (node.js:355:17)
479 silly fetchPackageMetaData  error for force-array@^3.1.0 { [Error: tunneling socket could not be established, cause=connect EINVAL 0.0.31.144:80 - Local (0.0.0.0:0)] code: 'ECONNRESET' }
480 silly fetchPackageMetaData Error: tunneling socket could not be established, cause=connect EINVAL 0.0.31.144:80 - Local (0.0.0.0:0)
480 silly fetchPackageMetaData     at ClientRequest.onError (/usr/share/npm/node_modules/request/node_modules/tunnel-agent/index.js:174:17)
480 silly fetchPackageMetaData     at ClientRequest.g (events.js:260:16)
480 silly fetchPackageMetaData     at emitOne (events.js:77:13)
480 silly fetchPackageMetaData     at ClientRequest.emit (events.js:169:7)
480 silly fetchPackageMetaData     at Socket.socketErrorListener (_http_client.js:258:9)
480 silly fetchPackageMetaData     at emitOne (events.js:77:13)
480 silly fetchPackageMetaData     at Socket.emit (events.js:169:7)
480 silly fetchPackageMetaData     at emitErrorNT (net.js:1256:8)
480 silly fetchPackageMetaData     at nextTickCallbackWith2Args (node.js:441:9)
480 silly fetchPackageMetaData     at process._tickCallback (node.js:355:17)
480 silly fetchPackageMetaData  error for lodash.clonedeep@^4.5.0 { [Error: tunneling socket could not be established, cause=connect EINVAL 0.0.31.144:80 - Local (0.0.0.0:0)] code: 'ECONNRESET' }
481 silly fetchPackageMetaData Error: tunneling socket could not be established, cause=connect EINVAL 0.0.31.144:80 - Local (0.0.0.0:0)
481 silly fetchPackageMetaData     at ClientRequest.onError (/usr/share/npm/node_modules/request/node_modules/tunnel-agent/index.js:174:17)
481 silly fetchPackageMetaData     at ClientRequest.g (events.js:260:16)
481 silly fetchPackageMetaData     at emitOne (events.js:77:13)
481 silly fetchPackageMetaData     at ClientRequest.emit (events.js:169:7)
481 silly fetchPackageMetaData     at Socket.socketErrorListener (_http_client.js:258:9)
481 silly fetchPackageMetaData     at emitOne (events.js:77:13)
481 silly fetchPackageMetaData     at Socket.emit (events.js:169:7)
481 silly fetchPackageMetaData     at emitErrorNT (net.js:1256:8)
481 silly fetchPackageMetaData     at nextTickCallbackWith2Args (node.js:441:9)
481 silly fetchPackageMetaData     at process._tickCallback (node.js:355:17)
481 silly fetchPackageMetaData  error for lodash.defaults@^4.2.0 { [Error: tunneling socket could not be established, cause=connect EINVAL 0.0.31.144:80 - Local (0.0.0.0:0)] code: 'ECONNRESET' }
482 silly fetchPackageMetaData Error: tunneling socket could not be established, cause=connect EINVAL 0.0.31.144:80 - Local (0.0.0.0:0)
482 silly fetchPackageMetaData     at ClientRequest.onError (/usr/share/npm/node_modules/request/node_modules/tunnel-agent/index.js:174:17)
482 silly fetchPackageMetaData     at ClientRequest.g (events.js:260:16)
482 silly fetchPackageMetaData     at emitOne (events.js:77:13)
482 silly fetchPackageMetaData     at ClientRequest.emit (events.js:169:7)
482 silly fetchPackageMetaData     at Socket.socketErrorListener (_http_client.js:258:9)
482 silly fetchPackageMetaData     at emitOne (events.js:77:13)
482 silly fetchPackageMetaData     at Socket.emit (events.js:169:7)
482 silly fetchPackageMetaData     at emitErrorNT (net.js:1256:8)
482 silly fetchPackageMetaData     at nextTickCallbackWith2Args (node.js:441:9)
482 silly fetchPackageMetaData     at process._tickCallback (node.js:355:17)
482 silly fetchPackageMetaData  error for lodash.flatten@^4.4.0 { [Error: tunneling socket could not be established, cause=connect EINVAL 0.0.31.144:80 - Local (0.0.0.0:0)] code: 'ECONNRESET' }
483 silly fetchPackageMetaData Error: tunneling socket could not be established, cause=connect EINVAL 0.0.31.144:80 - Local (0.0.0.0:0)
483 silly fetchPackageMetaData     at ClientRequest.onError (/usr/share/npm/node_modules/request/node_modules/tunnel-agent/index.js:174:17)
483 silly fetchPackageMetaData     at ClientRequest.g (events.js:260:16)
483 silly fetchPackageMetaData     at emitOne (events.js:77:13)
483 silly fetchPackageMetaData     at ClientRequest.emit (events.js:169:7)
483 silly fetchPackageMetaData     at Socket.socketErrorListener (_http_client.js:258:9)
483 silly fetchPackageMetaData     at emitOne (events.js:77:13)
483 silly fetchPackageMetaData     at Socket.emit (events.js:169:7)
483 silly fetchPackageMetaData     at emitErrorNT (net.js:1256:8)
483 silly fetchPackageMetaData     at nextTickCallbackWith2Args (node.js:441:9)
483 silly fetchPackageMetaData     at process._tickCallback (node.js:355:17)
483 silly fetchPackageMetaData  error for lodash.get@^4.4.2 { [Error: tunneling socket could not be established, cause=connect EINVAL 0.0.31.144:80 - Local (0.0.0.0:0)] code: 'ECONNRESET' }
484 silly fetchPackageMetaData Error: tunneling socket could not be established, cause=connect EINVAL 0.0.31.144:80 - Local (0.0.0.0:0)
484 silly fetchPackageMetaData     at ClientRequest.onError (/usr/share/npm/node_modules/request/node_modules/tunnel-agent/index.js:174:17)
484 silly fetchPackageMetaData     at ClientRequest.g (events.js:260:16)
484 silly fetchPackageMetaData     at emitOne (events.js:77:13)
484 silly fetchPackageMetaData     at ClientRequest.emit (events.js:169:7)
484 silly fetchPackageMetaData     at Socket.socketErrorListener (_http_client.js:258:9)
484 silly fetchPackageMetaData     at emitOne (events.js:77:13)
484 silly fetchPackageMetaData     at Socket.emit (events.js:169:7)
484 silly fetchPackageMetaData     at emitErrorNT (net.js:1256:8)
484 silly fetchPackageMetaData     at nextTickCallbackWith2Args (node.js:441:9)
484 silly fetchPackageMetaData     at process._tickCallback (node.js:355:17)
484 silly fetchPackageMetaData  error for lodash.includes@^4.3.0 { [Error: tunneling socket could not be established, cause=connect EINVAL 0.0.31.144:80 - Local (0.0.0.0:0)] code: 'ECONNRESET' }
485 silly fetchPackageMetaData Error: tunneling socket could not be established, cause=connect EINVAL 0.0.31.144:80 - Local (0.0.0.0:0)
485 silly fetchPackageMetaData     at ClientRequest.onError (/usr/share/npm/node_modules/request/node_modules/tunnel-agent/index.js:174:17)
485 silly fetchPackageMetaData     at ClientRequest.g (events.js:260:16)
485 silly fetchPackageMetaData     at emitOne (events.js:77:13)
485 silly fetchPackageMetaData     at ClientRequest.emit (events.js:169:7)
485 silly fetchPackageMetaData     at Socket.socketErrorListener (_http_client.js:258:9)
485 silly fetchPackageMetaData     at emitOne (events.js:77:13)
485 silly fetchPackageMetaData     at Socket.emit (events.js:169:7)
485 silly fetchPackageMetaData     at emitErrorNT (net.js:1256:8)
485 silly fetchPackageMetaData     at nextTickCallbackWith2Args (node.js:441:9)
485 silly fetchPackageMetaData     at process._tickCallback (node.js:355:17)
485 silly fetchPackageMetaData  error for lodash.isarray@^4.0.0 { [Error: tunneling socket could not be established, cause=connect EINVAL 0.0.31.144:80 - Local (0.0.0.0:0)] code: 'ECONNRESET' }
486 silly fetchPackageMetaData Error: tunneling socket could not be established, cause=connect EINVAL 0.0.31.144:80 - Local (0.0.0.0:0)
486 silly fetchPackageMetaData     at ClientRequest.onError (/usr/share/npm/node_modules/request/node_modules/tunnel-agent/index.js:174:17)
486 silly fetchPackageMetaData     at ClientRequest.g (events.js:260:16)
486 silly fetchPackageMetaData     at emitOne (events.js:77:13)
486 silly fetchPackageMetaData     at ClientRequest.emit (events.js:169:7)
486 silly fetchPackageMetaData     at Socket.socketErrorListener (_http_client.js:258:9)
486 silly fetchPackageMetaData     at emitOne (events.js:77:13)
486 silly fetchPackageMetaData     at Socket.emit (events.js:169:7)
486 silly fetchPackageMetaData     at emitErrorNT (net.js:1256:8)
486 silly fetchPackageMetaData     at nextTickCallbackWith2Args (node.js:441:9)
486 silly fetchPackageMetaData     at process._tickCallback (node.js:355:17)
486 silly fetchPackageMetaData  error for lodash.isfunction@^3.0.8 { [Error: tunneling socket could not be established, cause=connect EINVAL 0.0.31.144:80 - Local (0.0.0.0:0)] code: 'ECONNRESET' }
487 silly fetchPackageMetaData Error: tunneling socket could not be established, cause=connect EINVAL 0.0.31.144:80 - Local (0.0.0.0:0)
487 silly fetchPackageMetaData     at ClientRequest.onError (/usr/share/npm/node_modules/request/node_modules/tunnel-agent/index.js:174:17)
487 silly fetchPackageMetaData     at ClientRequest.g (events.js:260:16)
487 silly fetchPackageMetaData     at emitOne (events.js:77:13)
487 silly fetchPackageMetaData     at ClientRequest.emit (events.js:169:7)
487 silly fetchPackageMetaData     at Socket.socketErrorListener (_http_client.js:258:9)
487 silly fetchPackageMetaData     at emitOne (events.js:77:13)
487 silly fetchPackageMetaData     at Socket.emit (events.js:169:7)
487 silly fetchPackageMetaData     at emitErrorNT (net.js:1256:8)
487 silly fetchPackageMetaData     at nextTickCallbackWith2Args (node.js:441:9)
487 silly fetchPackageMetaData     at process._tickCallback (node.js:355:17)
487 silly fetchPackageMetaData  error for lodash.isplainobject@^4.0.6 { [Error: tunneling socket could not be established, cause=connect EINVAL 0.0.31.144:80 - Local (0.0.0.0:0)] code: 'ECONNRESET' }
488 silly fetchPackageMetaData Error: tunneling socket could not be established, cause=connect EINVAL 0.0.31.144:80 - Local (0.0.0.0:0)
488 silly fetchPackageMetaData     at ClientRequest.onError (/usr/share/npm/node_modules/request/node_modules/tunnel-agent/index.js:174:17)
488 silly fetchPackageMetaData     at ClientRequest.g (events.js:260:16)
488 silly fetchPackageMetaData     at emitOne (events.js:77:13)
488 silly fetchPackageMetaData     at ClientRequest.emit (events.js:169:7)
488 silly fetchPackageMetaData     at Socket.socketErrorListener (_http_client.js:258:9)
488 silly fetchPackageMetaData     at emitOne (events.js:77:13)
488 silly fetchPackageMetaData     at Socket.emit (events.js:169:7)
488 silly fetchPackageMetaData     at emitErrorNT (net.js:1256:8)
488 silly fetchPackageMetaData     at nextTickCallbackWith2Args (node.js:441:9)
488 silly fetchPackageMetaData     at process._tickCallback (node.js:355:17)
488 silly fetchPackageMetaData  error for lodash.isstring@^4.0.1 { [Error: tunneling socket could not be established, cause=connect EINVAL 0.0.31.144:80 - Local (0.0.0.0:0)] code: 'ECONNRESET' }
489 silly fetchPackageMetaData Error: tunneling socket could not be established, cause=connect EINVAL 0.0.31.144:80 - Local (0.0.0.0:0)
489 silly fetchPackageMetaData     at ClientRequest.onError (/usr/share/npm/node_modules/request/node_modules/tunnel-agent/index.js:174:17)
489 silly fetchPackageMetaData     at ClientRequest.g (events.js:260:16)
489 silly fetchPackageMetaData     at emitOne (events.js:77:13)
489 silly fetchPackageMetaData     at ClientRequest.emit (events.js:169:7)
489 silly fetchPackageMetaData     at Socket.socketErrorListener (_http_client.js:258:9)
489 silly fetchPackageMetaData     at emitOne (events.js:77:13)
489 silly fetchPackageMetaData     at Socket.emit (events.js:169:7)
489 silly fetchPackageMetaData     at emitErrorNT (net.js:1256:8)
489 silly fetchPackageMetaData     at nextTickCallbackWith2Args (node.js:441:9)
489 silly fetchPackageMetaData     at process._tickCallback (node.js:355:17)
489 silly fetchPackageMetaData  error for lodash.isundefined@^3.0.1 { [Error: tunneling socket could not be established, cause=connect EINVAL 0.0.31.144:80 - Local (0.0.0.0:0)] code: 'ECONNRESET' }
490 info attempt registry request try #3 at 03:29:55
491 verbose etag W/"58fdc7af-1f73d"
492 verbose lastModified Mon, 24 Apr 2017 09:38:55 GMT
493 http request GET https://registry.npmjs.org/glob
494 info attempt registry request try #3 at 03:29:55
495 verbose etag W/"58abbdc1-ccfe"
496 verbose lastModified Tue, 21 Feb 2017 04:10:41 GMT
497 http request GET https://registry.npmjs.org/tern
498 info attempt registry request try #3 at 03:29:55
499 verbose etag W/"58f471ff-22ede"
500 verbose lastModified Mon, 17 Apr 2017 07:42:55 GMT
501 http request GET https://registry.npmjs.org/acorn
502 info attempt registry request try #3 at 03:29:55
503 verbose etag W/"58bbe9a9-25e7"
504 verbose lastModified Sun, 05 Mar 2017 10:34:17 GMT
505 http request GET https://registry.npmjs.org/once
506 info attempt registry request try #3 at 03:29:55
507 verbose etag W/"5905436c-2039e"
508 verbose lastModified Sun, 30 Apr 2017 01:52:44 GMT
509 http request GET https://registry.npmjs.org/async
510 silly fetchPackageMetaData Error: tunneling socket could not be established, cause=connect EINVAL 0.0.31.144:80 - Local (0.0.0.0:0)
510 silly fetchPackageMetaData     at ClientRequest.onError (/usr/share/npm/node_modules/request/node_modules/tunnel-agent/index.js:174:17)
510 silly fetchPackageMetaData     at ClientRequest.g (events.js:260:16)
510 silly fetchPackageMetaData     at emitOne (events.js:77:13)
510 silly fetchPackageMetaData     at ClientRequest.emit (events.js:169:7)
510 silly fetchPackageMetaData     at Socket.socketErrorListener (_http_client.js:258:9)
510 silly fetchPackageMetaData     at emitOne (events.js:77:13)
510 silly fetchPackageMetaData     at Socket.emit (events.js:169:7)
510 silly fetchPackageMetaData     at emitErrorNT (net.js:1256:8)
510 silly fetchPackageMetaData     at nextTickCallbackWith2Args (node.js:441:9)
510 silly fetchPackageMetaData     at process._tickCallback (node.js:355:17)
510 silly fetchPackageMetaData  error for lodash.sortby@^4.7.0 { [Error: tunneling socket could not be established, cause=connect EINVAL 0.0.31.144:80 - Local (0.0.0.0:0)] code: 'ECONNRESET' }
511 silly fetchPackageMetaData Error: tunneling socket could not be established, cause=connect EINVAL 0.0.31.144:80 - Local (0.0.0.0:0)
511 silly fetchPackageMetaData     at ClientRequest.onError (/usr/share/npm/node_modules/request/node_modules/tunnel-agent/index.js:174:17)
511 silly fetchPackageMetaData     at ClientRequest.g (events.js:260:16)
511 silly fetchPackageMetaData     at emitOne (events.js:77:13)
511 silly fetchPackageMetaData     at ClientRequest.emit (events.js:169:7)
511 silly fetchPackageMetaData     at Socket.socketErrorListener (_http_client.js:258:9)
511 silly fetchPackageMetaData     at emitOne (events.js:77:13)
511 silly fetchPackageMetaData     at Socket.emit (events.js:169:7)
511 silly fetchPackageMetaData     at emitErrorNT (net.js:1256:8)
511 silly fetchPackageMetaData     at nextTickCallbackWith2Args (node.js:441:9)
511 silly fetchPackageMetaData     at process._tickCallback (node.js:355:17)
511 silly fetchPackageMetaData  error for lodash.without@^4.4.0 { [Error: tunneling socket could not be established, cause=connect EINVAL 0.0.31.144:80 - Local (0.0.0.0:0)] code: 'ECONNRESET' }
512 silly fetchPackageMetaData Error: tunneling socket could not be established, cause=connect EINVAL 0.0.31.144:80 - Local (0.0.0.0:0)
512 silly fetchPackageMetaData     at ClientRequest.onError (/usr/share/npm/node_modules/request/node_modules/tunnel-agent/index.js:174:17)
512 silly fetchPackageMetaData     at ClientRequest.g (events.js:260:16)
512 silly fetchPackageMetaData     at emitOne (events.js:77:13)
512 silly fetchPackageMetaData     at ClientRequest.emit (events.js:169:7)
512 silly fetchPackageMetaData     at Socket.socketErrorListener (_http_client.js:258:9)
512 silly fetchPackageMetaData     at emitOne (events.js:77:13)
512 silly fetchPackageMetaData     at Socket.emit (events.js:169:7)
512 silly fetchPackageMetaData     at emitErrorNT (net.js:1256:8)
512 silly fetchPackageMetaData     at nextTickCallbackWith2Args (node.js:441:9)
512 silly fetchPackageMetaData     at process._tickCallback (node.js:355:17)
512 silly fetchPackageMetaData  error for node-uuid@^1.4.7 { [Error: tunneling socket could not be established, cause=connect EINVAL 0.0.31.144:80 - Local (0.0.0.0:0)] code: 'ECONNRESET' }
513 silly fetchPackageMetaData Error: tunneling socket could not be established, cause=connect EINVAL 0.0.31.144:80 - Local (0.0.0.0:0)
513 silly fetchPackageMetaData     at ClientRequest.onError (/usr/share/npm/node_modules/request/node_modules/tunnel-agent/index.js:174:17)
513 silly fetchPackageMetaData     at ClientRequest.g (events.js:260:16)
513 silly fetchPackageMetaData     at emitOne (events.js:77:13)
513 silly fetchPackageMetaData     at ClientRequest.emit (events.js:169:7)
513 silly fetchPackageMetaData     at Socket.socketErrorListener (_http_client.js:258:9)
513 silly fetchPackageMetaData     at emitOne (events.js:77:13)
513 silly fetchPackageMetaData     at Socket.emit (events.js:169:7)
513 silly fetchPackageMetaData     at emitErrorNT (net.js:1256:8)
513 silly fetchPackageMetaData     at nextTickCallbackWith2Args (node.js:441:9)
513 silly fetchPackageMetaData     at process._tickCallback (node.js:355:17)
513 silly fetchPackageMetaData  error for object-hash@^1.1.5 { [Error: tunneling socket could not be established, cause=connect EINVAL 0.0.31.144:80 - Local (0.0.0.0:0)] code: 'ECONNRESET' }
514 silly fetchPackageMetaData Error: tunneling socket could not be established, cause=connect EINVAL 0.0.31.144:80 - Local (0.0.0.0:0)
514 silly fetchPackageMetaData     at ClientRequest.onError (/usr/share/npm/node_modules/request/node_modules/tunnel-agent/index.js:174:17)
514 silly fetchPackageMetaData     at ClientRequest.g (events.js:260:16)
514 silly fetchPackageMetaData     at emitOne (events.js:77:13)
514 silly fetchPackageMetaData     at ClientRequest.emit (events.js:169:7)
514 silly fetchPackageMetaData     at Socket.socketErrorListener (_http_client.js:258:9)
514 silly fetchPackageMetaData     at emitOne (events.js:77:13)
514 silly fetchPackageMetaData     at Socket.emit (events.js:169:7)
514 silly fetchPackageMetaData     at emitErrorNT (net.js:1256:8)
514 silly fetchPackageMetaData     at nextTickCallbackWith2Args (node.js:441:9)
514 silly fetchPackageMetaData     at process._tickCallback (node.js:355:17)
514 silly fetchPackageMetaData  error for optimist@^0.6.1 { [Error: tunneling socket could not be established, cause=connect EINVAL 0.0.31.144:80 - Local (0.0.0.0:0)] code: 'ECONNRESET' }
515 silly fetchPackageMetaData Error: tunneling socket could not be established, cause=connect EINVAL 0.0.31.144:80 - Local (0.0.0.0:0)
515 silly fetchPackageMetaData     at ClientRequest.onError (/usr/share/npm/node_modules/request/node_modules/tunnel-agent/index.js:174:17)
515 silly fetchPackageMetaData     at ClientRequest.g (events.js:260:16)
515 silly fetchPackageMetaData     at emitOne (events.js:77:13)
515 silly fetchPackageMetaData     at ClientRequest.emit (events.js:169:7)
515 silly fetchPackageMetaData     at Socket.socketErrorListener (_http_client.js:258:9)
515 silly fetchPackageMetaData     at emitOne (events.js:77:13)
515 silly fetchPackageMetaData     at Socket.emit (events.js:169:7)
515 silly fetchPackageMetaData     at emitErrorNT (net.js:1256:8)
515 silly fetchPackageMetaData     at nextTickCallbackWith2Args (node.js:441:9)
515 silly fetchPackageMetaData     at process._tickCallback (node.js:355:17)
515 silly fetchPackageMetaData  error for tryor@^0.1.2 { [Error: tunneling socket could not be established, cause=connect EINVAL 0.0.31.144:80 - Local (0.0.0.0:0)] code: 'ECONNRESET' }
516 silly get cb [ 304, undefined ]
517 verbose etag https://registry.npmjs.org/acorn-jsx from cache
518 verbose get saving acorn-jsx to /home/chronos/.npm/registry.npmjs.org/acorn-jsx/.cache.json
519 silly get cb [ 304, undefined ]
520 verbose etag https://registry.npmjs.org/glob from cache
521 verbose get saving glob to /home/chronos/.npm/registry.npmjs.org/glob/.cache.json
522 silly get cb [ 304, undefined ]
523 verbose etag https://registry.npmjs.org/tern from cache
524 verbose get saving tern to /home/chronos/.npm/registry.npmjs.org/tern/.cache.json
525 silly get cb [ 304, undefined ]
526 verbose etag https://registry.npmjs.org/acorn from cache
527 verbose get saving acorn to /home/chronos/.npm/registry.npmjs.org/acorn/.cache.json
528 silly get cb [ 304, undefined ]
529 verbose etag https://registry.npmjs.org/once from cache
530 verbose get saving once to /home/chronos/.npm/registry.npmjs.org/once/.cache.json
531 silly get cb [ 304, undefined ]
532 verbose etag https://registry.npmjs.org/async from cache
533 verbose get saving async to /home/chronos/.npm/registry.npmjs.org/async/.cache.json
534 silly resolveWithNewModule acorn-jsx@3.0.1 checking installable status
535 silly cache add args [ 'acorn-jsx@^3.0.1', null ]
536 verbose cache add spec acorn-jsx@^3.0.1
537 silly cache add parsed spec Result {
537 silly cache add   raw: 'acorn-jsx@^3.0.1',
537 silly cache add   scope: null,
537 silly cache add   name: 'acorn-jsx',
537 silly cache add   rawSpec: '^3.0.1',
537 silly cache add   spec: '>=3.0.1 <4.0.0',
537 silly cache add   type: 'range' }
538 silly addNamed acorn-jsx@>=3.0.1 <4.0.0
539 verbose addNamed ">=3.0.1 <4.0.0" is a valid semver range for acorn-jsx
540 silly addNameRange { name: 'acorn-jsx', range: '>=3.0.1 <4.0.0', hasData: false }
541 silly mapToRegistry name acorn-jsx
542 silly mapToRegistry using default registry
543 silly mapToRegistry registry https://registry.npmjs.org/
544 silly mapToRegistry uri https://registry.npmjs.org/acorn-jsx
545 verbose addNameRange registry:https://registry.npmjs.org/acorn-jsx not in flight; fetching
546 silly resolveWithNewModule glob@7.1.1 checking installable status
547 silly cache add args [ 'glob@^7.1.1', null ]
548 verbose cache add spec glob@^7.1.1
549 silly cache add parsed spec Result {
549 silly cache add   raw: 'glob@^7.1.1',
549 silly cache add   scope: null,
549 silly cache add   name: 'glob',
549 silly cache add   rawSpec: '^7.1.1',
549 silly cache add   spec: '>=7.1.1 <8.0.0',
549 silly cache add   type: 'range' }
550 silly addNamed glob@>=7.1.1 <8.0.0
551 verbose addNamed ">=7.1.1 <8.0.0" is a valid semver range for glob
552 silly addNameRange { name: 'glob', range: '>=7.1.1 <8.0.0', hasData: false }
553 silly mapToRegistry name glob
554 silly mapToRegistry using default registry
555 silly mapToRegistry registry https://registry.npmjs.org/
556 silly mapToRegistry uri https://registry.npmjs.org/glob
557 verbose addNameRange registry:https://registry.npmjs.org/glob not in flight; fetching
558 silly resolveWithNewModule tern@0.20.0 checking installable status
559 silly cache add args [ 'tern@^0.20.0', null ]
560 verbose cache add spec tern@^0.20.0
561 silly cache add parsed spec Result {
561 silly cache add   raw: 'tern@^0.20.0',
561 silly cache add   scope: null,
561 silly cache add   name: 'tern',
561 silly cache add   rawSpec: '^0.20.0',
561 silly cache add   spec: '>=0.20.0 <0.21.0',
561 silly cache add   type: 'range' }
562 silly addNamed tern@>=0.20.0 <0.21.0
563 verbose addNamed ">=0.20.0 <0.21.0" is a valid semver range for tern
564 silly addNameRange { name: 'tern', range: '>=0.20.0 <0.21.0', hasData: false }
565 silly mapToRegistry name tern
566 silly mapToRegistry using default registry
567 silly mapToRegistry registry https://registry.npmjs.org/
568 silly mapToRegistry uri https://registry.npmjs.org/tern
569 verbose addNameRange registry:https://registry.npmjs.org/tern not in flight; fetching
570 silly resolveWithNewModule acorn@4.0.11 checking installable status
571 silly cache add args [ 'acorn@^4.0.4', null ]
572 verbose cache add spec acorn@^4.0.4
573 silly cache add parsed spec Result {
573 silly cache add   raw: 'acorn@^4.0.4',
573 silly cache add   scope: null,
573 silly cache add   name: 'acorn',
573 silly cache add   rawSpec: '^4.0.4',
573 silly cache add   spec: '>=4.0.4 <5.0.0',
573 silly cache add   type: 'range' }
574 silly addNamed acorn@>=4.0.4 <5.0.0
575 verbose addNamed ">=4.0.4 <5.0.0" is a valid semver range for acorn
576 silly addNameRange { name: 'acorn', range: '>=4.0.4 <5.0.0', hasData: false }
577 silly mapToRegistry name acorn
578 silly mapToRegistry using default registry
579 silly mapToRegistry registry https://registry.npmjs.org/
580 silly mapToRegistry uri https://registry.npmjs.org/acorn
581 verbose addNameRange registry:https://registry.npmjs.org/acorn not in flight; fetching
582 silly resolveWithNewModule once@1.4.0 checking installable status
583 silly cache add args [ 'once@^1.4.0', null ]
584 verbose cache add spec once@^1.4.0
585 silly cache add parsed spec Result {
585 silly cache add   raw: 'once@^1.4.0',
585 silly cache add   scope: null,
585 silly cache add   name: 'once',
585 silly cache add   rawSpec: '^1.4.0',
585 silly cache add   spec: '>=1.4.0 <2.0.0',
585 silly cache add   type: 'range' }
586 silly addNamed once@>=1.4.0 <2.0.0
587 verbose addNamed ">=1.4.0 <2.0.0" is a valid semver range for once
588 silly addNameRange { name: 'once', range: '>=1.4.0 <2.0.0', hasData: false }
589 silly mapToRegistry name once
590 silly mapToRegistry using default registry
591 silly mapToRegistry registry https://registry.npmjs.org/
592 silly mapToRegistry uri https://registry.npmjs.org/once
593 verbose addNameRange registry:https://registry.npmjs.org/once not in flight; fetching
594 silly resolveWithNewModule async@2.4.0 checking installable status
595 silly cache add args [ 'async@^2.1.4', null ]
596 verbose cache add spec async@^2.1.4
597 silly cache add parsed spec Result {
597 silly cache add   raw: 'async@^2.1.4',
597 silly cache add   scope: null,
597 silly cache add   name: 'async',
597 silly cache add   rawSpec: '^2.1.4',
597 silly cache add   spec: '>=2.1.4 <3.0.0',
597 silly cache add   type: 'range' }
598 silly addNamed async@>=2.1.4 <3.0.0
599 verbose addNamed ">=2.1.4 <3.0.0" is a valid semver range for async
600 silly addNameRange { name: 'async', range: '>=2.1.4 <3.0.0', hasData: false }
601 silly mapToRegistry name async
602 silly mapToRegistry using default registry
603 silly mapToRegistry registry https://registry.npmjs.org/
604 silly mapToRegistry uri https://registry.npmjs.org/async
605 verbose addNameRange registry:https://registry.npmjs.org/async not in flight; fetching
606 verbose get https://registry.npmjs.org/acorn-jsx not expired, no request
607 silly addNameRange number 2 { name: 'acorn-jsx', range: '>=3.0.1 <4.0.0', hasData: true }
608 silly addNameRange versions [ 'acorn-jsx',
608 silly addNameRange   [ '0.6.1',
608 silly addNameRange     '0.6.1-1',
608 silly addNameRange     '0.6.1-2',
608 silly addNameRange     '0.6.1-3',
608 silly addNameRange     '0.7.1-2',
608 silly addNameRange     '0.7.1-3',
608 silly addNameRange     '0.9.1-1',
608 silly addNameRange     '0.9.1-2',
608 silly addNameRange     '0.9.1-3',
608 silly addNameRange     '0.9.1-4',
608 silly addNameRange     '0.9.1-5',
608 silly addNameRange     '0.9.1-6',
608 silly addNameRange     '0.9.1-7',
608 silly addNameRange     '0.9.1-8',
608 silly addNameRange     '0.11.1-1',
608 silly addNameRange     '0.11.1-2',
608 silly addNameRange     '0.11.1-3',
608 silly addNameRange     '0.11.1-4',
608 silly addNameRange     '1.0.0',
608 silly addNameRange     '1.0.1',
608 silly addNameRange     '1.0.2',
608 silly addNameRange     '1.0.3',
608 silly addNameRange     '2.0.0',
608 silly addNameRange     '2.0.1',
608 silly addNameRange     '3.0.0',
608 silly addNameRange     '3.0.1' ] ]
609 silly addNamed acorn-jsx@3.0.1
610 verbose addNamed "3.0.1" is a plain semver version for acorn-jsx
611 verbose get https://registry.npmjs.org/glob not expired, no request
612 silly addNameRange number 2 { name: 'glob', range: '>=7.1.1 <8.0.0', hasData: true }
613 silly addNameRange versions [ 'glob',
613 silly addNameRange   [ '1.1.0',
613 silly addNameRange     '2.0.9',
613 silly addNameRange     '2.0.8',
613 silly addNameRange     '2.0.7',
613 silly addNameRange     '2.1.0',
613 silly addNameRange     '3.0.0',
613 silly addNameRange     '3.0.1',
613 silly addNameRange     '3.1.0',
613 silly addNameRange     '3.1.1',
613 silly addNameRange     '3.1.2',
613 silly addNameRange     '3.1.3',
613 silly addNameRange     '3.1.4',
613 silly addNameRange     '3.1.5',
613 silly addNameRange     '3.1.6',
613 silly addNameRange     '3.1.7',
613 silly addNameRange     '3.1.9',
613 silly addNameRange     '3.1.10',
613 silly addNameRange     '3.1.11',
613 silly addNameRange     '3.1.12',
613 silly addNameRange     '3.1.13',
613 silly addNameRange     '3.1.14',
613 silly addNameRange     '3.1.15',
613 silly addNameRange     '3.1.16',
613 silly addNameRange     '3.1.17',
613 silly addNameRange     '3.1.18',
613 silly addNameRange     '3.1.19',
613 silly addNameRange     '3.1.20',
613 silly addNameRange     '3.1.21',
613 silly addNameRange     '3.2.0',
613 silly addNameRange     '3.2.1',
613 silly addNameRange     '3.2.3',
613 silly addNameRange     '3.2.4',
613 silly addNameRange     '3.2.5',
613 silly addNameRange     '3.2.6',
613 silly addNameRange     '3.2.7',
613 silly addNameRange     '3.2.8',
613 silly addNameRange     '3.2.9',
613 silly addNameRange     '3.2.10',
613 silly addNameRange     '3.2.11',
613 silly addNameRange     '4.0.0',
613 silly addNameRange     '4.0.1',
613 silly addNameRange     '4.0.2',
613 silly addNameRange     '4.0.3',
613 silly addNameRange     '4.0.4',
613 silly addNameRange     '4.0.5',
613 silly addNameRange     '4.0.6',
613 silly addNameRange     '4.1.2-beta',
613 silly addNameRange     '4.1.2',
613 silly addNameRange     '4.1.3',
613 silly addNameRange     '4.1.4',
613 silly addNameRange     '4.1.5',
613 silly addNameRange     '4.1.6',
613 silly addNameRange     '4.2.0',
613 silly addNameRange     '4.2.1',
613 silly addNameRange     '4.2.2',
613 silly addNameRange     '4.3.0',
613 silly addNameRange     '4.3.1',
613 silly addNameRange     '4.3.2',
613 silly addNameRange     '4.3.3',
613 silly addNameRange     '4.3.4',
613 silly addNameRange     '4.3.5',
613 silly addNameRange     '4.4.0',
613 silly addNameRange     '4.4.2',
613 silly addNameRange     '4.5.0',
613 silly addNameRange     '5.0.0',
613 silly addNameRange     '4.5.1',
613 silly addNameRange     '5.0.1',
613 silly addNameRange     '4.5.2',
613 silly addNameRange     '5.0.2',
613 silly addNameRange     '4.5.3',
613 silly addNameRange     '5.0.3',
613 silly addNameRange     '5.0.4',
613 silly addNameRange     '5.0.5',
613 silly addNameRange     '5.0.6',
613 silly addNameRange     '5.0.7',
613 silly addNameRange     '5.0.9',
613 silly addNameRange     '5.0.10',
613 silly addNameRange     '5.0.11',
613 silly addNameRange     '5.0.12',
613 silly addNameRange     '5.0.13',
613 silly addNameRange     '5.0.14',
613 silly addNameRange     '5.0.15',
613 silly addNameRange     '6.0.1',
613 silly addNameRange     '6.0.2',
613 silly addNameRange     '6.0.3',
613 silly addNameRange     '6.0.4',
613 silly addNameRange     '7.0.0',
613 silly addNameRange     '7.0.1',
613 silly addNameRange     '7.0.3',
613 silly addNameRange     '7.0.4',
613 silly addNameRange     '7.0.5',
613 silly addNameRange     '7.0.6',
613 silly addNameRange     '7.1.0',
613 silly addNameRange     '7.1.1' ] ]
614 silly addNamed glob@7.1.1
615 verbose addNamed "7.1.1" is a plain semver version for glob
616 verbose get https://registry.npmjs.org/tern not expired, no request
617 silly addNameRange number 2 { name: 'tern', range: '>=0.20.0 <0.21.0', hasData: true }
618 silly addNameRange versions [ 'tern',
618 silly addNameRange   [ '0.1.0',
618 silly addNameRange     '0.2.0',
618 silly addNameRange     '0.3.0',
618 silly addNameRange     '0.4.0',
618 silly addNameRange     '0.5.0',
618 silly addNameRange     '0.6.0',
618 silly addNameRange     '0.6.2',
618 silly addNameRange     '0.7.0',
618 silly addNameRange     '0.8.0',
618 silly addNameRange     '0.9.0',
618 silly addNameRange     '0.10.0',
618 silly addNameRange     '0.11.0',
618 silly addNameRange     '0.12.0',
618 silly addNameRange     '0.13.0',
618 silly addNameRange     '0.14.0',
618 silly addNameRange     '0.15.0',
618 silly addNameRange     '0.16.0',
618 silly addNameRange     '0.17.0',
618 silly addNameRange     '0.18.0',
618 silly addNameRange     '0.19.0',
618 silly addNameRange     '0.20.0',
618 silly addNameRange     '0.21.0' ] ]
619 silly addNamed tern@0.20.0
620 verbose addNamed "0.20.0" is a plain semver version for tern
621 verbose get https://registry.npmjs.org/acorn not expired, no request
622 silly addNameRange number 2 { name: 'acorn', range: '>=4.0.4 <5.0.0', hasData: true }
623 silly addNameRange versions [ 'acorn',
623 silly addNameRange   [ '0.0.1',
623 silly addNameRange     '0.1.0',
623 silly addNameRange     '0.2.0',
623 silly addNameRange     '0.3.0',
623 silly addNameRange     '0.3.1',
623 silly addNameRange     '0.4.0',
623 silly addNameRange     '0.4.2',
623 silly addNameRange     '0.5.0',
623 silly addNameRange     '0.6.0',
623 silly addNameRange     '0.7.0',
623 silly addNameRange     '0.8.0',
623 silly addNameRange     '0.9.0',
623 silly addNameRange     '0.10.0',
623 silly addNameRange     '0.11.0',
623 silly addNameRange     '0.12.0',
623 silly addNameRange     '1.0.0',
623 silly addNameRange     '1.0.1',
623 silly addNameRange     '1.0.3',
623 silly addNameRange     '1.1.0',
623 silly addNameRange     '1.2.0',
623 silly addNameRange     '2.0.0',
623 silly addNameRange     '1.2.1',
623 silly addNameRange     '2.0.1',
623 silly addNameRange     '1.2.2',
623 silly addNameRange     '2.0.4',
623 silly addNameRange     '2.1.0',
623 silly addNameRange     '2.2.0',
623 silly addNameRange     '2.3.0',
623 silly addNameRange     '2.4.0',
623 silly addNameRange     '2.5.0',
623 silly addNameRange     '2.5.2',
623 silly addNameRange     '2.6.0',
623 silly addNameRange     '2.6.2',
623 silly addNameRange     '2.6.4',
623 silly addNameRange     '2.7.0',
623 silly addNameRange     '3.0.0',
623 silly addNameRange     '3.0.2',
623 silly addNameRange     '3.0.4',
623 silly addNameRange     '3.1.0',
623 silly addNameRange     '3.2.0',
623 silly addNameRange     '3.3.0',
623 silly addNameRange     '4.0.0',
623 silly addNameRange     '4.0.1',
623 silly addNameRange     '4.0.2',
623 silly addNameRange     '4.0.3',
623 silly addNameRange     '4.0.4',
623 silly addNameRange     '4.0.5',
623 silly addNameRange     '4.0.6',
623 silly addNameRange     '4.0.7',
623 silly addNameRange     '4.0.8',
623 silly addNameRange     '4.0.9',
623 silly addNameRange     '4.0.10',
623 silly addNameRange     '4.0.11',
623 silly addNameRange     '5.0.0',
623 silly addNameRange     '5.0.1',
623 silly addNameRange     '5.0.2',
623 silly addNameRange     '5.0.3' ] ]
624 silly addNamed acorn@4.0.11
625 verbose addNamed "4.0.11" is a plain semver version for acorn
626 verbose get https://registry.npmjs.org/once not expired, no request
627 silly addNameRange number 2 { name: 'once', range: '>=1.4.0 <2.0.0', hasData: true }
628 silly addNameRange versions [ 'once',
628 silly addNameRange   [ '1.1.1', '1.2.0', '1.3.0', '1.3.1', '1.3.2', '1.3.3', '1.4.0' ] ]
629 silly addNamed once@1.4.0
630 verbose addNamed "1.4.0" is a plain semver version for once
631 silly mapToRegistry name tern
632 silly mapToRegistry using default registry
633 silly mapToRegistry registry https://registry.npmjs.org/
634 silly mapToRegistry uri https://registry.npmjs.org/tern
635 verbose addRemoteTarball https://registry.npmjs.org/tern/-/tern-0.20.0.tgz not in flight; adding
636 verbose addRemoteTarball [ 'https://registry.npmjs.org/tern/-/tern-0.20.0.tgz',
636 verbose addRemoteTarball   '5058e1ae15a121a1f421500ced0c852c11e6fb34' ]
637 verbose get https://registry.npmjs.org/async not expired, no request
638 silly addNameRange number 2 { name: 'async', range: '>=2.1.4 <3.0.0', hasData: true }
639 silly addNameRange versions [ 'async',
639 silly addNameRange   [ '0.1.0',
639 silly addNameRange     '0.1.1',
639 silly addNameRange     '0.1.2',
639 silly addNameRange     '0.1.3',
639 silly addNameRange     '0.1.4',
639 silly addNameRange     '0.1.5',
639 silly addNameRange     '0.1.6',
639 silly addNameRange     '0.1.7',
639 silly addNameRange     '0.1.8',
639 silly addNameRange     '0.1.9',
639 silly addNameRange     '0.1.10',
639 silly addNameRange     '0.1.11',
639 silly addNameRange     '0.1.12',
639 silly addNameRange     '0.1.13',
639 silly addNameRange     '0.1.14',
639 silly addNameRange     '0.1.15',
639 silly addNameRange     '0.1.16',
639 silly addNameRange     '0.1.17',
639 silly addNameRange     '0.1.18',
639 silly addNameRange     '0.1.19',
639 silly addNameRange     '0.1.20',
639 silly addNameRange     '0.1.21',
639 silly addNameRange     '0.1.22',
639 silly addNameRange     '0.2.0',
639 silly addNameRange     '0.2.1',
639 silly addNameRange     '0.2.2',
639 silly addNameRange     '0.2.3',
639 silly addNameRange     '0.2.4',
639 silly addNameRange     '0.2.5',
639 silly addNameRange     '0.2.6',
639 silly addNameRange     '0.2.7',
639 silly addNameRange     '0.2.8',
639 silly addNameRange     '0.2.9',
639 silly addNameRange     '0.2.10',
639 silly addNameRange     '0.3.0',
639 silly addNameRange     '0.4.0',
639 silly addNameRange     '0.4.1',
639 silly addNameRange     '0.5.0',
639 silly addNameRange     '0.6.0',
639 silly addNameRange     '0.6.1',
639 silly addNameRange     '0.6.2',
639 silly addNameRange     '0.7.0',
639 silly addNameRange     '0.8.0',
639 silly addNameRange     '0.9.0',
639 silly addNameRange     '0.9.2',
639 silly addNameRange     '1.0.0',
639 silly addNameRange     '1.1.0',
639 silly addNameRange     '1.2.0',
639 silly addNameRange     '1.1.1',
639 silly addNameRange     '1.2.1',
639 silly addNameRange     '1.3.0',
639 silly addNameRange     '1.4.0',
639 silly addNameRange     '1.4.1',
639 silly addNameRange     '1.4.2',
639 silly addNameRange     '1.5.0',
639 silly addNameRange     '1.5.1',
639 silly addNameRange     '1.5.2',
639 silly addNameRange     '2.0.0-alpha.0',
639 silly addNameRange     '2.0.0-rc.1',
639 silly addNameRange     '2.0.0-rc.2',
639 silly addNameRange     '2.0.0-rc.3',
639 silly addNameRange     '2.0.0-rc.4',
639 silly addNameRange     '2.0.0-rc.5',
639 silly addNameRange     '2.0.0-rc.6',
639 silly addNameRange     '2.0.0',
639 silly addNameRange     '2.0.1',
639 silly addNameRange     '2.1.0',
639 silly addNameRange     '2.1.1',
639 silly addNameRange     '2.1.2',
639 silly addNameRange     '2.1.4',
639 silly addNameRange     '2.1.5',
639 silly addNameRange     '2.2.0',
639 silly addNameRange     '2.3.0',
639 silly addNameRange     '2.4.0' ] ]
640 silly addNamed async@2.4.0
641 verbose addNamed "2.4.0" is a plain semver version for async
642 silly mapToRegistry name async
643 silly mapToRegistry using default registry
644 silly mapToRegistry registry https://registry.npmjs.org/
645 silly mapToRegistry uri https://registry.npmjs.org/async
646 verbose addRemoteTarball https://registry.npmjs.org/async/-/async-2.4.0.tgz not in flight; adding
647 verbose addRemoteTarball [ 'https://registry.npmjs.org/async/-/async-2.4.0.tgz',
647 verbose addRemoteTarball   '4990200f18ea5b837c2cc4f8c031a6985c385611' ]
648 silly cache afterAdd acorn-jsx@3.0.1
649 verbose afterAdd /home/chronos/.npm/acorn-jsx/3.0.1/package/package.json not in flight; writing
650 silly cache afterAdd glob@7.1.1
651 verbose afterAdd /home/chronos/.npm/glob/7.1.1/package/package.json not in flight; writing
652 info retry fetch attempt 1 at 03:29:56
653 info attempt registry request try #1 at 03:29:56
654 http fetch GET https://registry.npmjs.org/tern/-/tern-0.20.0.tgz
655 silly cache afterAdd once@1.4.0
656 verbose afterAdd /home/chronos/.npm/once/1.4.0/package/package.json not in flight; writing
657 info retry will retry, error on last attempt: Error: tunneling socket could not be established, cause=connect EINVAL 0.0.31.144:80 - Local (0.0.0.0:0)
658 info retry fetch attempt 1 at 03:29:56
659 info attempt registry request try #1 at 03:29:56
660 http fetch GET https://registry.npmjs.org/async/-/async-2.4.0.tgz
661 silly cache afterAdd acorn@4.0.11
662 verbose afterAdd /home/chronos/.npm/acorn/4.0.11/package/package.json not in flight; writing
663 info retry will retry, error on last attempt: Error: tunneling socket could not be established, cause=connect EINVAL 0.0.31.144:80 - Local (0.0.0.0:0)
664 verbose afterAdd /home/chronos/.npm/acorn-jsx/3.0.1/package/package.json written
665 verbose afterAdd /home/chronos/.npm/glob/7.1.1/package/package.json written
666 verbose afterAdd /home/chronos/.npm/once/1.4.0/package/package.json written
667 verbose afterAdd /home/chronos/.npm/acorn/4.0.11/package/package.json written
668 info attempt registry request try #2 at 03:30:06
669 http fetch GET https://registry.npmjs.org/tern/-/tern-0.20.0.tgz
670 info retry will retry, error on last attempt: Error: tunneling socket could not be established, cause=connect EINVAL 0.0.31.144:80 - Local (0.0.0.0:0)
671 info attempt registry request try #2 at 03:30:06
672 http fetch GET https://registry.npmjs.org/async/-/async-2.4.0.tgz
673 info retry will retry, error on last attempt: Error: tunneling socket could not be established, cause=connect EINVAL 0.0.31.144:80 - Local (0.0.0.0:0)
674 info attempt registry request try #3 at 03:31:06
675 http fetch GET https://registry.npmjs.org/tern/-/tern-0.20.0.tgz
676 error fetch failed https://registry.npmjs.org/tern/-/tern-0.20.0.tgz
677 warn retry will retry, error on last attempt: Error: tunneling socket could not be established, cause=connect EINVAL 0.0.31.144:80 - Local (0.0.0.0:0)
678 info attempt registry request try #3 at 03:31:06
679 http fetch GET https://registry.npmjs.org/async/-/async-2.4.0.tgz
680 error fetch failed https://registry.npmjs.org/async/-/async-2.4.0.tgz
681 warn retry will retry, error on last attempt: Error: tunneling socket could not be established, cause=connect EINVAL 0.0.31.144:80 - Local (0.0.0.0:0)
682 info retry fetch attempt 2 at 03:31:16
683 info attempt registry request try #1 at 03:31:16
684 http fetch GET https://registry.npmjs.org/tern/-/tern-0.20.0.tgz
685 info retry will retry, error on last attempt: Error: tunneling socket could not be established, cause=connect EINVAL 0.0.31.144:80 - Local (0.0.0.0:0)
686 info retry fetch attempt 2 at 03:31:16
687 info attempt registry request try #1 at 03:31:16
688 http fetch GET https://registry.npmjs.org/async/-/async-2.4.0.tgz
689 info retry will retry, error on last attempt: Error: tunneling socket could not be established, cause=connect EINVAL 0.0.31.144:80 - Local (0.0.0.0:0)
690 info attempt registry request try #2 at 03:31:26
691 http fetch GET https://registry.npmjs.org/tern/-/tern-0.20.0.tgz
692 info attempt registry request try #2 at 03:31:26
693 http fetch GET https://registry.npmjs.org/async/-/async-2.4.0.tgz
694 info retry will retry, error on last attempt: Error: tunneling socket could not be established, cause=connect EINVAL 0.0.31.144:80 - Local (0.0.0.0:0)
695 info retry will retry, error on last attempt: Error: tunneling socket could not be established, cause=connect EINVAL 0.0.31.144:80 - Local (0.0.0.0:0)
696 info attempt registry request try #3 at 03:32:26
697 http fetch GET https://registry.npmjs.org/tern/-/tern-0.20.0.tgz
698 info attempt registry request try #3 at 03:32:26
699 http fetch GET https://registry.npmjs.org/async/-/async-2.4.0.tgz
700 error fetch failed https://registry.npmjs.org/tern/-/tern-0.20.0.tgz
701 warn retry will retry, error on last attempt: Error: tunneling socket could not be established, cause=connect EINVAL 0.0.31.144:80 - Local (0.0.0.0:0)
702 error fetch failed https://registry.npmjs.org/async/-/async-2.4.0.tgz
703 warn retry will retry, error on last attempt: Error: tunneling socket could not be established, cause=connect EINVAL 0.0.31.144:80 - Local (0.0.0.0:0)
704 info retry fetch attempt 3 at 03:33:26
705 info attempt registry request try #1 at 03:33:26
706 http fetch GET https://registry.npmjs.org/tern/-/tern-0.20.0.tgz
707 info retry fetch attempt 3 at 03:33:26
708 info attempt registry request try #1 at 03:33:26
709 http fetch GET https://registry.npmjs.org/async/-/async-2.4.0.tgz
710 info retry will retry, error on last attempt: Error: tunneling socket could not be established, cause=connect EINVAL 0.0.31.144:80 - Local (0.0.0.0:0)
711 info retry will retry, error on last attempt: Error: tunneling socket could not be established, cause=connect EINVAL 0.0.31.144:80 - Local (0.0.0.0:0)
712 info attempt registry request try #2 at 03:33:36
713 http fetch GET https://registry.npmjs.org/tern/-/tern-0.20.0.tgz
714 info attempt registry request try #2 at 03:33:36
715 http fetch GET https://registry.npmjs.org/async/-/async-2.4.0.tgz
716 info retry will retry, error on last attempt: Error: tunneling socket could not be established, cause=connect EINVAL 0.0.31.144:80 - Local (0.0.0.0:0)
717 info retry will retry, error on last attempt: Error: tunneling socket could not be established, cause=connect EINVAL 0.0.31.144:80 - Local (0.0.0.0:0)
718 info attempt registry request try #3 at 03:34:36
719 http fetch GET https://registry.npmjs.org/tern/-/tern-0.20.0.tgz
720 info attempt registry request try #3 at 03:34:36
721 http fetch GET https://registry.npmjs.org/async/-/async-2.4.0.tgz
722 error fetch failed https://registry.npmjs.org/tern/-/tern-0.20.0.tgz
723 error fetch failed https://registry.npmjs.org/async/-/async-2.4.0.tgz
724 silly rollbackFailedOptional Starting
725 silly rollbackFailedOptional Finishing
726 silly runTopLevelLifecycles Starting
727 silly runTopLevelLifecycles Finishing
728 silly install printInstalled
729 verbose stack Error: tunneling socket could not be established, cause=connect EINVAL 0.0.31.144:80 - Local (0.0.0.0:0)
729 verbose stack     at ClientRequest.onError (/usr/share/npm/node_modules/request/node_modules/tunnel-agent/index.js:174:17)
729 verbose stack     at ClientRequest.g (events.js:260:16)
729 verbose stack     at emitOne (events.js:77:13)
729 verbose stack     at ClientRequest.emit (events.js:169:7)
729 verbose stack     at Socket.socketErrorListener (_http_client.js:258:9)
729 verbose stack     at emitOne (events.js:77:13)
729 verbose stack     at Socket.emit (events.js:169:7)
729 verbose stack     at emitErrorNT (net.js:1256:8)
729 verbose stack     at nextTickCallbackWith2Args (node.js:441:9)
729 verbose stack     at process._tickCallback (node.js:355:17)
730 verbose cwd /home/chronos/Downloads/site/js/app/controller
731 error Linux 3.10.18
732 error argv "/usr/bin/nodejs" "/usr/bin/npm" "install" "-g" "git+https://github.com/ramitos/jsctags.git"
733 error node v4.2.6
734 error npm  v3.5.2
735 error code ECONNRESET
736 error network tunneling socket could not be established, cause=connect EINVAL 0.0.31.144:80 - Local (0.0.0.0:0)
737 error network This is most likely not a problem with npm itself
737 error network and is related to network connectivity.
737 error network In most cases you are behind a proxy or have bad network settings.
737 error network
737 error network If you are behind a proxy, please make sure that the
737 error network 'proxy' config is set properly.  See: 'npm help config'
738 verbose exit [ 1, true ]
